Release 14.7 - xst P.20131013 (nt64)
Copyright (c) 1995-2013 Xilinx, Inc.  All rights reserved.
--> Parameter TMPDIR set to xst/projnav.tmp


Total REAL time to Xst completion: 0.00 secs
Total CPU time to Xst completion: 0.08 secs
 
--> Parameter xsthdpdir set to xst


Total REAL time to Xst completion: 0.00 secs
Total CPU time to Xst completion: 0.09 secs
 
--> Reading design: chia_xung.prj

TABLE OF CONTENTS
  1) Synthesis Options Summary
  2) HDL Compilation
  3) Design Hierarchy Analysis
  4) HDL Analysis
  5) HDL Synthesis
     5.1) HDL Synthesis Report
  6) Advanced HDL Synthesis
     6.1) Advanced HDL Synthesis Report
  7) Low Level Synthesis
  8) Partition Report
  9) Final Report
	9.1) Device utilization summary
	9.2) Partition Resource Summary
	9.3) TIMING REPORT


=========================================================================
*                      Synthesis Options Summary                        *
=========================================================================
---- Source Parameters
Input File Name                    : "chia_xung.prj"
Input Format                       : mixed
Ignore Synthesis Constraint File   : NO

---- Target Parameters
Output File Name                   : "chia_xung"
Output Format                      : NGC
Target Device                      : xc3s500e-4-fg320

---- Source Options
Top Module Name                    : chia_xung
Automatic FSM Extraction           : YES
FSM Encoding Algorithm             : Auto
Safe Implementation                : No
FSM Style                          : LUT
RAM Extraction                     : Yes
RAM Style                          : Auto
ROM Extraction                     : Yes
Mux Style                          : Auto
Decoder Extraction                 : YES
Priority Encoder Extraction        : Yes
Shift Register Extraction          : YES
Logical Shifter Extraction         : YES
XOR Collapsing                     : YES
ROM Style                          : Auto
Mux Extraction                     : Yes
Resource Sharing                   : YES
Asynchronous To Synchronous        : NO
Multiplier Style                   : Auto
Automatic Register Balancing       : No

---- Target Options
Add IO Buffers                     : YES
Global Maximum Fanout              : 100000
Add Generic Clock Buffer(BUFG)     : 24
Register Duplication               : YES
Slice Packing                      : YES
Optimize Instantiated Primitives   : NO
Use Clock Enable                   : Yes
Use Synchronous Set                : Yes
Use Synchronous Reset              : Yes
Pack IO Registers into IOBs        : Auto
Equivalent register Removal        : YES

---- General Options
Optimization Goal                  : Speed
Optimization Effort                : 1
Keep Hierarchy                     : No
Netlist Hierarchy                  : As_Optimized
RTL Output                         : Yes
Global Optimization                : AllClockNets
Read Cores                         : YES
Write Timing Constraints           : NO
Cross Clock Analysis               : NO
Hierarchy Separator                : /
Bus Delimiter                      : <>
Case Specifier                     : Maintain
Slice Utilization Ratio            : 100
BRAM Utilization Ratio             : 100
Verilog 2001                       : YES
Auto BRAM Packing                  : NO
Slice Utilization Ratio Delta      : 5

=========================================================================


=========================================================================
*                          HDL Compilation                              *
=========================================================================
Compiling verilog file "chia_xung.v" in library work
Module <chia_xung> compiled
No errors in compilation
Analysis of file <"chia_xung.prj"> succeeded.
 

=========================================================================
*                     Design Hierarchy Analysis                         *
=========================================================================
Analyzing hierarchy for module <chia_xung> in library <work> with parameters.
	M = "00000010111110101111000010000000"
	N = "00000000000000000000000000011010"


=========================================================================
*                            HDL Analysis                               *
=========================================================================
Analyzing top module <chia_xung>.
	M = 32'sb00000010111110101111000010000000
	N = 32'sb00000000000000000000000000011010
Module <chia_xung> is correct for synthesis.
 

=========================================================================
*                           HDL Synthesis                               *
=========================================================================

Performing bidirectional port resolution...

Synthesizing Unit <chia_xung>.
    Related source file is "chia_xung.v".
    Found 26-bit comparator less for signal <f$cmp_lt0000> created at line 35.
    Found 26-bit adder for signal <r_next$addsub0000> created at line 33.
    Found 26-bit register for signal <r_reg>.
    Summary:
	inferred  26 D-type flip-flop(s).
	inferred   1 Adder/Subtractor(s).
	inferred   1 Comparator(s).
Unit <chia_xung> synthesized.


=========================================================================
HDL Synthesis Report

Macro Statistics
# Adders/Subtractors                                   : 1
 26-bit adder                                          : 1
# Registers                                            : 1
 26-bit register                                       : 1
# Comparators                                          : 1
 26-bit comparator less                                : 1

=========================================================================

=========================================================================
*                       Advanced HDL Synthesis                          *
=========================================================================


=========================================================================
Advanced HDL Synthesis Report

Macro Statistics
# Adders/Subtractors                                   : 1
 26-bit adder                                          : 1
# Registers                                            : 26
 Flip-Flops                                            : 26
# Comparators                                          : 1
 26-bit comparator less                                : 1

=========================================================================

=========================================================================
*                         Low Level Synthesis                           *
=========================================================================

Optimizing unit <chia_xung> ...

Mapping all equations...
Building and optimizing final netlist ...
Found area constraint ratio of 100 (+ 5) on block chia_xung, actual ratio is 0.

Final Macro Processing ...

=========================================================================
Final Register Report

Macro Statistics
# Registers                                            : 26
 Flip-Flops                                            : 26

=========================================================================

=========================================================================
*                           Partition Report                            *
=========================================================================

Partition Implementation Status
-------------------------------

  No Partitions were found in this design.

-------------------------------

=========================================================================
*                            Final Report                               *
=========================================================================
Final Results
RTL Top Level Output File Name     : chia_xung.ngr
Top Level Output File Name         : chia_xung
Output Format                      : NGC
Optimization Goal                  : Speed
Keep Hierarchy                     : No

Design Statistics
# IOs                              : 2

Cell Usage :
# BELS                             : 115
#      GND                         : 1
#      INV                         : 5
#      LUT1                        : 29
#      LUT2                        : 1
#      LUT4                        : 9
#      MUXCY                       : 43
#      VCC                         : 1
#      XORCY                       : 26
# FlipFlops/Latches                : 26
#      FDR                         : 26
# Clock Buffers                    : 1
#      BUFGP                       : 1
# IO Buffers                       : 1
#      OBUF                        : 1
=========================================================================

Device utilization summary:
---------------------------

Selected Device : 3s500efg320-4 

 Number of Slices:                       24  out of   4656     0%  
 Number of Slice Flip Flops:             26  out of   9312     0%  
 Number of 4 input LUTs:                 44  out of   9312     0%  
 Number of IOs:                           2
 Number of bonded IOBs:                   2  out of    232     0%  
 Number of GCLKs:                         1  out of     24     4%  

---------------------------
Partition Resource Summary:
---------------------------

  No Partitions were found in this design.

---------------------------


=========================================================================
TIMING REPORT

NOTE: THESE TIMING NUMBERS ARE ONLY A SYNTHESIS ESTIMATE.
      FOR ACCURATE TIMING INFORMATION PLEASE REFER TO THE TRACE REPORT
      GENERATED AFTER PLACE-and-ROUTE.

Clock Information:
------------------
-----------------------------------+------------------------+-------+
Clock Signal                       | Clock buffer(FF name)  | Load  |
-----------------------------------+------------------------+-------+
clk                                | BUFGP                  | 26    |
-----------------------------------+------------------------+-------+

Asynchronous Control Signals Information:
----------------------------------------
No asynchronous control signals found in this design

Timing Summary:
---------------
Speed Grade: -4

   Minimum period: 5.178ns (Maximum Frequency: 193.113MHz)
   Minimum input arrival time before clock: No path found
   Maximum output required time after clock: 7.147ns
   Maximum combinational path delay: No path found

Timing Detail:
--------------
All values displayed in nanoseconds (ns)

=========================================================================
Timing constraint: Default period analysis for Clock 'clk'
  Clock period: 5.178ns (frequency: 193.113MHz)
  Total number of paths / destination ports: 1027 / 52
-------------------------------------------------------------------------
Delay:               5.178ns (Levels of Logic = 8)
  Source:            r_reg_5 (FF)
  Destination:       r_reg_0 (FF)
  Source Clock:      clk rising
  Destination Clock: clk rising

  Data Path: r_reg_5 to r_reg_0
                                Gate     Net
    Cell:in->out      fanout   Delay   Delay  Logical Name (Net Name)
    ----------------------------------------  ------------
     FDR:C->Q              2   0.591   0.622  r_reg_5 (r_reg_5)
     LUT2:I0->O            1   0.704   0.000  r_next_cmp_eq0000_wg_lut<0> (r_next_cmp_eq0000_wg_lut<0>)
     MUXCY:S->O            1   0.464   0.000  r_next_cmp_eq0000_wg_cy<0> (r_next_cmp_eq0000_wg_cy<0>)
     MUXCY:CI->O           1   0.059   0.000  r_next_cmp_eq0000_wg_cy<1> (r_next_cmp_eq0000_wg_cy<1>)
     MUXCY:CI->O           1   0.059   0.000  r_next_cmp_eq0000_wg_cy<2> (r_next_cmp_eq0000_wg_cy<2>)
     MUXCY:CI->O           1   0.059   0.000  r_next_cmp_eq0000_wg_cy<3> (r_next_cmp_eq0000_wg_cy<3>)
     MUXCY:CI->O           1   0.059   0.000  r_next_cmp_eq0000_wg_cy<4> (r_next_cmp_eq0000_wg_cy<4>)
     MUXCY:CI->O           1   0.059   0.000  r_next_cmp_eq0000_wg_cy<5> (r_next_cmp_eq0000_wg_cy<5>)
     MUXCY:CI->O          26   0.331   1.260  r_next_cmp_eq0000_wg_cy<6> (r_next_cmp_eq0000)
     FDR:R                     0.911          r_reg_0
    ----------------------------------------
    Total                      5.178ns (3.296ns logic, 1.882ns route)
                                       (63.7% logic, 36.3% route)

=========================================================================
Timing constraint: Default OFFSET OUT AFTER for Clock 'clk'
  Total number of paths / destination ports: 20 / 1
-------------------------------------------------------------------------
Offset:              7.147ns (Levels of Logic = 13)
  Source:            r_reg_6 (FF)
  Destination:       f (PAD)
  Source Clock:      clk rising

  Data Path: r_reg_6 to f
                                Gate     Net
    Cell:in->out      fanout   Delay   Delay  Logical Name (Net Name)
    ----------------------------------------  ------------
     FDR:C->Q              3   0.591   0.706  r_reg_6 (r_reg_6)
     LUT1:I0->O            1   0.704   0.000  Mcompar_f_cmp_lt0000_cy<0>_rt (Mcompar_f_cmp_lt0000_cy<0>_rt)
     MUXCY:S->O            1   0.464   0.000  Mcompar_f_cmp_lt0000_cy<0> (Mcompar_f_cmp_lt0000_cy<0>)
     MUXCY:CI->O           1   0.059   0.000  Mcompar_f_cmp_lt0000_cy<1> (Mcompar_f_cmp_lt0000_cy<1>)
     MUXCY:CI->O           1   0.059   0.000  Mcompar_f_cmp_lt0000_cy<2> (Mcompar_f_cmp_lt0000_cy<2>)
     MUXCY:CI->O           1   0.059   0.000  Mcompar_f_cmp_lt0000_cy<3> (Mcompar_f_cmp_lt0000_cy<3>)
     MUXCY:CI->O           1   0.059   0.000  Mcompar_f_cmp_lt0000_cy<4> (Mcompar_f_cmp_lt0000_cy<4>)
     MUXCY:CI->O           1   0.059   0.000  Mcompar_f_cmp_lt0000_cy<5> (Mcompar_f_cmp_lt0000_cy<5>)
     MUXCY:CI->O           1   0.059   0.000  Mcompar_f_cmp_lt0000_cy<6> (Mcompar_f_cmp_lt0000_cy<6>)
     MUXCY:CI->O           1   0.059   0.000  Mcompar_f_cmp_lt0000_cy<7> (Mcompar_f_cmp_lt0000_cy<7>)
     MUXCY:CI->O           1   0.059   0.000  Mcompar_f_cmp_lt0000_cy<8> (Mcompar_f_cmp_lt0000_cy<8>)
     MUXCY:CI->O           1   0.059   0.000  Mcompar_f_cmp_lt0000_cy<9> (Mcompar_f_cmp_lt0000_cy<9>)
     MUXCY:CI->O           1   0.459   0.420  Mcompar_f_cmp_lt0000_cy<10> (Mcompar_f_cmp_lt0000_cy<10>)
     OBUF:I->O                 3.272          f_OBUF (f)
    ----------------------------------------
    Total                      7.147ns (6.021ns logic, 1.126ns route)
                                       (84.2% logic, 15.8% route)

=========================================================================


Total REAL time to Xst completion: 3.00 secs
Total CPU time to Xst completion: 2.99 secs
 
--> 

Total memory usage is 4498968 kilobytes

Number of errors   :    0 (   0 filtered)
Number of warnings :    0 (   0 filtered)
Number of infos    :    0 (   0 filtered)

