Running: C:\Xilinx\14.7\ISE_DS\ISE\bin\nt64\unwrapped\fuse.exe -intstyle ise -incremental -lib unisims_ver -lib unimacro_ver -lib xilinxcorelib_ver -o C:/Users/mecha/Downloads/New folder/fsm-eg-mult-seg/Test_isim_beh.exe -prj C:/Users/mecha/Downloads/New folder/fsm-eg-mult-seg/Test_beh.prj work.Test work.glbl 
ISim P.20131013 (signature 0x7708f090)
Number of CPUs detected in this system: 12
Turning on mult-threading, number of parallel sub-compilation jobs: 24 
Determining compilation order of HDL files
Analyzing Verilog file "C:/Users/mecha/Downloads/New folder/fsm-eg-mult-seg/fsm_eg_mult_seg.v" into library work
Analyzing Verilog file "C:/Users/mecha/Downloads/New folder/fsm-eg-mult-seg/Test.v" into library work
Analyzing Verilog file "C:/Xilinx/14.7/ISE_DS/ISE//verilog/src/glbl.v" into library work
Starting static elaboration
Completed static elaboration
Compiling module fsm_eg_mult_seg
Compiling module Test
Compiling module glbl
Time Resolution for simulation is 1ps.
Waiting for 1 sub-compilation(s) to finish...
WARNING:Simulator - Unable to copy libPortabilityNOSH.dll to the simulation executable directory: boost::filesystem::copy_file: The system cannot find the path specified, "isim\Test_isim_beh.exe.sim\libPortability.dll".
Compiled 3 Verilog Units
Built simulation executable C:/Users/mecha/Downloads/New folder/fsm-eg-mult-seg/Test_isim_beh.exe
Fuse Memory Usage: 28024 KB
Fuse CPU Usage: 609 ms
