#-----------------------------------------------------------
# PlanAhead v14.7 (64-bit)
# Build 321239 by xbuild on Fri Sep 27 19:29:51 MDT 2013
# Start of session at: Wed Nov 23 10:44:39 2022
# Process ID: 11676
# Log file: C:/Users/mecha/OneDrive/Documents/STUDY/TT_TKHT_VMTH/BUOI_6/DEN_GIAO_THONG/planAhead_run_2/planAhead.log
# Journal file: C:/Users/mecha/OneDrive/Documents/STUDY/TT_TKHT_VMTH/BUOI_6/DEN_GIAO_THONG/planAhead_run_2/planAhead.jou
#-----------------------------------------------------------
INFO: [Common 17-78] Attempting to get a license: PlanAhead
INFO: [Common 17-290] Got license for PlanAhead
INFO: [Device 21-36] Loading parts and site information from C:/Xilinx/14.7/ISE_DS/PlanAhead/data/parts/arch.xml
Parsing RTL primitives file [C:/Xilinx/14.7/ISE_DS/PlanAhead/data/parts/xilinx/rtl/prims/rtl_prims.xml]
Finished parsing RTL primitives file [C:/Xilinx/14.7/ISE_DS/PlanAhead/data/parts/xilinx/rtl/prims/rtl_prims.xml]
start_gui
source C:/Users/mecha/OneDrive/Documents/STUDY/TT_TKHT_VMTH/BUOI_6/DEN_GIAO_THONG/pa.fromHdl.tcl
# create_project -name den_giao_thong -dir "C:/Users/mecha/OneDrive/Documents/STUDY/TT_TKHT_VMTH/BUOI_6/DEN_GIAO_THONG/planAhead_run_2" -part xc3s500efg320-4
ERROR: [Common 17-53] User Exception: Project already exists on disk, please use '-force' option to overwrite: 
     C:/Users/mecha/OneDrive/Documents/STUDY/TT_TKHT_VMTH/BUOI_6/DEN_GIAO_THONG/planAhead_run_2/den_giao_thong.ppr
     C:/Users/mecha/OneDrive/Documents/STUDY/TT_TKHT_VMTH/BUOI_6/DEN_GIAO_THONG/planAhead_run_2/den_giao_thong.data

    while executing
"create_project -name den_giao_thong -dir "C:/Users/mecha/OneDrive/Documents/STUDY/TT_TKHT_VMTH/BUOI_6/DEN_GIAO_THONG/planAhead_run_2" -part xc3s500efg..."
    (file "C:/Users/mecha/OneDrive/Documents/STUDY/TT_TKHT_VMTH/BUOI_6/DEN_GIAO_THONG/pa.fromHdl.tcl" line 4)
exit
INFO: [Common 17-206] Exiting PlanAhead at Wed Nov 23 10:44:50 2022...
INFO: [Common 17-83] Releasing license: PlanAhead
