Release 14.7 - xst P.20131013 (nt64)
Copyright (c) 1995-2013 Xilinx, Inc.  All rights reserved.
--> Parameter TMPDIR set to xst/projnav.tmp


Total REAL time to Xst completion: 0.00 secs
Total CPU time to Xst completion: 0.06 secs
 
--> Parameter xsthdpdir set to xst


Total REAL time to Xst completion: 0.00 secs
Total CPU time to Xst completion: 0.06 secs
 
--> Reading design: Counter8bit.prj

TABLE OF CONTENTS
  1) Synthesis Options Summary
  2) HDL Compilation
  3) Design Hierarchy Analysis
  4) HDL Analysis
  5) HDL Synthesis
     5.1) HDL Synthesis Report
  6) Advanced HDL Synthesis
     6.1) Advanced HDL Synthesis Report
  7) Low Level Synthesis
  8) Partition Report
  9) Final Report
	9.1) Device utilization summary
	9.2) Partition Resource Summary
	9.3) TIMING REPORT


=========================================================================
*                      Synthesis Options Summary                        *
=========================================================================
---- Source Parameters
Input File Name                    : "Counter8bit.prj"
Input Format                       : mixed
Ignore Synthesis Constraint File   : NO

---- Target Parameters
Output File Name                   : "Counter8bit"
Output Format                      : NGC
Target Device                      : xc3s500e-4-fg320

---- Source Options
Top Module Name                    : Counter8bit
Automatic FSM Extraction           : YES
FSM Encoding Algorithm             : Auto
Safe Implementation                : No
FSM Style                          : LUT
RAM Extraction                     : Yes
RAM Style                          : Auto
ROM Extraction                     : Yes
Mux Style                          : Auto
Decoder Extraction                 : YES
Priority Encoder Extraction        : Yes
Shift Register Extraction          : YES
Logical Shifter Extraction         : YES
XOR Collapsing                     : YES
ROM Style                          : Auto
Mux Extraction                     : Yes
Resource Sharing                   : YES
Asynchronous To Synchronous        : NO
Multiplier Style                   : Auto
Automatic Register Balancing       : No

---- Target Options
Add IO Buffers                     : YES
Global Maximum Fanout              : 500
Add Generic Clock Buffer(BUFG)     : 24
Register Duplication               : YES
Slice Packing                      : YES
Optimize Instantiated Primitives   : NO
Use Clock Enable                   : Yes
Use Synchronous Set                : Yes
Use Synchronous Reset              : Yes
Pack IO Registers into IOBs        : Auto
Equivalent register Removal        : YES

---- General Options
Optimization Goal                  : Speed
Optimization Effort                : 1
Keep Hierarchy                     : No
Netlist Hierarchy                  : As_Optimized
RTL Output                         : Yes
Global Optimization                : AllClockNets
Read Cores                         : YES
Write Timing Constraints           : NO
Cross Clock Analysis               : NO
Hierarchy Separator                : /
Bus Delimiter                      : <>
Case Specifier                     : Maintain
Slice Utilization Ratio            : 100
BRAM Utilization Ratio             : 100
Verilog 2001                       : YES
Auto BRAM Packing                  : NO
Slice Utilization Ratio Delta      : 5

=========================================================================


=========================================================================
*                          HDL Compilation                              *
=========================================================================
Compiling verilog file "CounterUD.v" in library work
Module <xung1hz> compiled
Module <CounterUD> compiled
Module <Counter8bit> compiled
No errors in compilation
Analysis of file <"Counter8bit.prj"> succeeded.
 

=========================================================================
*                     Design Hierarchy Analysis                         *
=========================================================================
Analyzing hierarchy for module <Counter8bit> in library <work>.

Analyzing hierarchy for module <xung1hz> in library <work>.

Analyzing hierarchy for module <CounterUD> in library <work>.


=========================================================================
*                            HDL Analysis                               *
=========================================================================
Analyzing top module <Counter8bit>.
Module <Counter8bit> is correct for synthesis.
 
Analyzing module <xung1hz> in library <work>.
Module <xung1hz> is correct for synthesis.
 
Analyzing module <CounterUD> in library <work>.
Module <CounterUD> is correct for synthesis.
 

=========================================================================
*                           HDL Synthesis                               *
=========================================================================

Performing bidirectional port resolution...

Synthesizing Unit <xung1hz>.
    Related source file is "CounterUD.v".
    Found 1-bit register for signal <q>.
    Found 25-bit up counter for signal <a>.
    Summary:
	inferred   1 Counter(s).
	inferred   1 D-type flip-flop(s).
Unit <xung1hz> synthesized.


Synthesizing Unit <CounterUD>.
    Related source file is "CounterUD.v".
    Found 8-bit addsub for signal <r_next>.
    Found 8-bit register for signal <r_reg>.
    Summary:
	inferred   8 D-type flip-flop(s).
	inferred   1 Adder/Subtractor(s).
Unit <CounterUD> synthesized.


Synthesizing Unit <Counter8bit>.
    Related source file is "CounterUD.v".
Unit <Counter8bit> synthesized.

INFO:Xst:1767 - HDL ADVISOR - Resource sharing has identified that some arithmetic operations in this design can share the same physical resources for reduced device utilization. For improved clock frequency you may try to disable resource sharing.

=========================================================================
HDL Synthesis Report

Macro Statistics
# Adders/Subtractors                                   : 1
 8-bit addsub                                          : 1
# Counters                                             : 1
 25-bit up counter                                     : 1
# Registers                                            : 2
 1-bit register                                        : 1
 8-bit register                                        : 1

=========================================================================

=========================================================================
*                       Advanced HDL Synthesis                          *
=========================================================================


=========================================================================
Advanced HDL Synthesis Report

Macro Statistics
# Adders/Subtractors                                   : 1
 8-bit addsub                                          : 1
# Counters                                             : 1
 25-bit up counter                                     : 1
# Registers                                            : 9
 Flip-Flops                                            : 9

=========================================================================

=========================================================================
*                         Low Level Synthesis                           *
=========================================================================

Optimizing unit <Counter8bit> ...

Optimizing unit <CounterUD> ...

Mapping all equations...
Building and optimizing final netlist ...
Found area constraint ratio of 100 (+ 5) on block Counter8bit, actual ratio is 0.

Final Macro Processing ...

=========================================================================
Final Register Report

Macro Statistics
# Registers                                            : 34
 Flip-Flops                                            : 34

=========================================================================

=========================================================================
*                           Partition Report                            *
=========================================================================

Partition Implementation Status
-------------------------------

  No Partitions were found in this design.

-------------------------------

=========================================================================
*                            Final Report                               *
=========================================================================
Final Results
RTL Top Level Output File Name     : Counter8bit.ngr
Top Level Output File Name         : Counter8bit
Output Format                      : NGC
Optimization Goal                  : Speed
Keep Hierarchy                     : No

Design Statistics
# IOs                              : 12

Cell Usage :
# BELS                             : 114
#      GND                         : 1
#      INV                         : 4
#      LUT1                        : 24
#      LUT2                        : 2
#      LUT2_L                      : 1
#      LUT3                        : 2
#      LUT3_D                      : 1
#      LUT4                        : 17
#      LUT4_D                      : 1
#      LUT4_L                      : 2
#      MUXCY                       : 31
#      MUXF5                       : 2
#      VCC                         : 1
#      XORCY                       : 25
# FlipFlops/Latches                : 34
#      FDE                         : 9
#      FDR                         : 24
#      FDS                         : 1
# Clock Buffers                    : 1
#      BUFGP                       : 1
# IO Buffers                       : 11
#      IBUF                        : 3
#      OBUF                        : 8
=========================================================================

Device utilization summary:
---------------------------

Selected Device : 3s500efg320-4 

 Number of Slices:                       27  out of   4656     0%  
 Number of Slice Flip Flops:             34  out of   9312     0%  
 Number of 4 input LUTs:                 54  out of   9312     0%  
 Number of IOs:                          12
 Number of bonded IOBs:                  12  out of    232     5%  
 Number of GCLKs:                         1  out of     24     4%  

---------------------------
Partition Resource Summary:
---------------------------

  No Partitions were found in this design.

---------------------------


=========================================================================
TIMING REPORT

NOTE: THESE TIMING NUMBERS ARE ONLY A SYNTHESIS ESTIMATE.
      FOR ACCURATE TIMING INFORMATION PLEASE REFER TO THE TRACE REPORT
      GENERATED AFTER PLACE-and-ROUTE.

Clock Information:
------------------
-----------------------------------+------------------------+-------+
Clock Signal                       | Clock buffer(FF name)  | Load  |
-----------------------------------+------------------------+-------+
clk50m                             | BUFGP                  | 26    |
xung_1hz/q                         | NONE(updown/r_reg_7)   | 8     |
-----------------------------------+------------------------+-------+
INFO:Xst:2169 - HDL ADVISOR - Some clock signals were not automatically buffered by XST with BUFG/BUFR resources. Please use the buffer_type constraint in order to insert these buffers to the clock signals to help prevent skew problems.

Asynchronous Control Signals Information:
----------------------------------------
No asynchronous control signals found in this design

Timing Summary:
---------------
Speed Grade: -4

   Minimum period: 5.119ns (Maximum Frequency: 195.339MHz)
   Minimum input arrival time before clock: 5.830ns
   Maximum output required time after clock: 4.620ns
   Maximum combinational path delay: No path found

Timing Detail:
--------------
All values displayed in nanoseconds (ns)

=========================================================================
Timing constraint: Default period analysis for Clock 'clk50m'
  Clock period: 5.119ns (frequency: 195.339MHz)
  Total number of paths / destination ports: 976 / 52
-------------------------------------------------------------------------
Delay:               5.119ns (Levels of Logic = 7)
  Source:            xung_1hz/a_9 (FF)
  Destination:       xung_1hz/a_0 (FF)
  Source Clock:      clk50m rising
  Destination Clock: clk50m rising

  Data Path: xung_1hz/a_9 to xung_1hz/a_0
                                Gate     Net
    Cell:in->out      fanout   Delay   Delay  Logical Name (Net Name)
    ----------------------------------------  ------------
     FDR:C->Q              2   0.591   0.622  xung_1hz/a_9 (xung_1hz/a_9)
     LUT4:I0->O            1   0.704   0.000  xung_1hz/q_cmp_eq0000_wg_lut<1> (xung_1hz/q_cmp_eq0000_wg_lut<1>)
     MUXCY:S->O            1   0.464   0.000  xung_1hz/q_cmp_eq0000_wg_cy<1> (xung_1hz/q_cmp_eq0000_wg_cy<1>)
     MUXCY:CI->O           1   0.059   0.000  xung_1hz/q_cmp_eq0000_wg_cy<2> (xung_1hz/q_cmp_eq0000_wg_cy<2>)
     MUXCY:CI->O           1   0.059   0.000  xung_1hz/q_cmp_eq0000_wg_cy<3> (xung_1hz/q_cmp_eq0000_wg_cy<3>)
     MUXCY:CI->O           1   0.059   0.000  xung_1hz/q_cmp_eq0000_wg_cy<4> (xung_1hz/q_cmp_eq0000_wg_cy<4>)
     MUXCY:CI->O           1   0.059   0.000  xung_1hz/q_cmp_eq0000_wg_cy<5> (xung_1hz/q_cmp_eq0000_wg_cy<5>)
     MUXCY:CI->O          26   0.331   1.260  xung_1hz/q_cmp_eq0000_wg_cy<6> (xung_1hz/q_cmp_eq0000)
     FDS:S                     0.911          xung_1hz/a_0
    ----------------------------------------
    Total                      5.119ns (3.237ns logic, 1.882ns route)
                                       (63.2% logic, 36.8% route)

=========================================================================
Timing constraint: Default period analysis for Clock 'xung_1hz/q'
  Clock period: 4.701ns (frequency: 212.721MHz)
  Total number of paths / destination ports: 51 / 8
-------------------------------------------------------------------------
Delay:               4.701ns (Levels of Logic = 3)
  Source:            updown/r_reg_0 (FF)
  Destination:       updown/r_reg_7 (FF)
  Source Clock:      xung_1hz/q rising
  Destination Clock: xung_1hz/q rising

  Data Path: updown/r_reg_0 to updown/r_reg_7
                                Gate     Net
    Cell:in->out      fanout   Delay   Delay  Logical Name (Net Name)
    ----------------------------------------  ------------
     FDE:C->Q              6   0.591   0.673  updown/r_reg_0 (updown/r_reg_0)
     LUT4_D:I3->O          3   0.704   0.566  updown/Maddsub_r_next_cy<3>11_SW0 (updown/Maddsub_r_next_cy<2>)
     LUT3_D:I2->O          2   0.704   0.451  updown/Maddsub_r_next_cy<3>11 (updown/Maddsub_r_next_cy<3>)
     LUT4:I3->O            1   0.704   0.000  updown/r_reg_mux0000<0>1 (updown/r_reg_mux0000<0>)
     FDE:D                     0.308          updown/r_reg_7
    ----------------------------------------
    Total                      4.701ns (3.011ns logic, 1.690ns route)
                                       (64.1% logic, 35.9% route)

=========================================================================
Timing constraint: Default OFFSET IN BEFORE for Clock 'xung_1hz/q'
  Total number of paths / destination ports: 39 / 16
-------------------------------------------------------------------------
Offset:              5.830ns (Levels of Logic = 4)
  Source:            ud (PAD)
  Destination:       updown/r_reg_7 (FF)
  Destination Clock: xung_1hz/q rising

  Data Path: ud to updown/r_reg_7
                                Gate     Net
    Cell:in->out      fanout   Delay   Delay  Logical Name (Net Name)
    ----------------------------------------  ------------
     IBUF:I->O            14   1.218   1.175  ud_IBUF (ud_IBUF)
     LUT4_D:I0->O          3   0.704   0.566  updown/Maddsub_r_next_cy<3>11_SW0 (updown/Maddsub_r_next_cy<2>)
     LUT3_D:I2->O          2   0.704   0.451  updown/Maddsub_r_next_cy<3>11 (updown/Maddsub_r_next_cy<3>)
     LUT4:I3->O            1   0.704   0.000  updown/r_reg_mux0000<0>1 (updown/r_reg_mux0000<0>)
     FDE:D                     0.308          updown/r_reg_7
    ----------------------------------------
    Total                      5.830ns (3.638ns logic, 2.192ns route)
                                       (62.4% logic, 37.6% route)

=========================================================================
Timing constraint: Default OFFSET OUT AFTER for Clock 'xung_1hz/q'
  Total number of paths / destination ports: 8 / 8
-------------------------------------------------------------------------
Offset:              4.620ns (Levels of Logic = 1)
  Source:            updown/r_reg_4 (FF)
  Destination:       dem8_bit<4> (PAD)
  Source Clock:      xung_1hz/q rising

  Data Path: updown/r_reg_4 to dem8_bit<4>
                                Gate     Net
    Cell:in->out      fanout   Delay   Delay  Logical Name (Net Name)
    ----------------------------------------  ------------
     FDE:C->Q              8   0.591   0.757  updown/r_reg_4 (updown/r_reg_4)
     OBUF:I->O                 3.272          dem8_bit_4_OBUF (dem8_bit<4>)
    ----------------------------------------
    Total                      4.620ns (3.863ns logic, 0.757ns route)
                                       (83.6% logic, 16.4% route)

=========================================================================


Total REAL time to Xst completion: 3.00 secs
Total CPU time to Xst completion: 3.08 secs
 
--> 

Total memory usage is 4514432 kilobytes

Number of errors   :    0 (   0 filtered)
Number of warnings :    0 (   0 filtered)
Number of infos    :    2 (   0 filtered)

